2023-10-06 09:58:58 [main] ERROR - 

***************************
APPLICATION FAILED TO START
***************************

Description:

Parameter 0 of constructor in club.p6e.coat.message.center.DataSourceFactory required a bean of type 'javax.sql.DataSource' that could not be found.


Action:

Consider defining a bean of type 'javax.sql.DataSource' in your configuration.

2023-10-06 10:11:45 [main] ERROR - 

***************************
APPLICATION FAILED TO START
***************************

Description:

Parameter 0 of constructor in club.p6e.coat.message.center.DataSourceFactory required a bean of type 'javax.sql.DataSource' that could not be found.


Action:

Consider defining a bean of type 'javax.sql.DataSource' in your configuration.

2023-10-06 10:16:50 [main] ERROR - 

***************************
APPLICATION FAILED TO START
***************************

Description:

Parameter 0 of constructor in club.p6e.coat.message.center.DataSourceFactory required a bean of type 'javax.sql.DataSource' that could not be found.


Action:

Consider defining a bean of type 'javax.sql.DataSource' in your configuration.

2023-10-06 10:19:02 [main] ERROR - 

***************************
APPLICATION FAILED TO START
***************************

Description:

Parameter 0 of constructor in club.p6e.coat.message.center.DataSourceFactory required a bean of type 'org.springframework.jdbc.datasource.embedded.DataSourceFactory' that could not be found.


Action:

Consider defining a bean of type 'org.springframework.jdbc.datasource.embedded.DataSourceFactory' in your configuration.

2023-10-06 10:19:20 [main] ERROR - 

***************************
APPLICATION FAILED TO START
***************************

Description:

Failed to configure a ConnectionFactory: 'url' attribute is not specified and no embedded database could be configured.

Reason: Failed to determine a suitable R2DBC Connection URL


Action:

Consider the following:
	If you want an embedded database (H2), please put it on the classpath.
	If you have database settings to be loaded from a particular profile you may need to activate it (no profiles are currently active).

2023-10-06 10:20:49 [main] ERROR - 

***************************
APPLICATION FAILED TO START
***************************

Description:

Parameter 0 of constructor in club.p6e.coat.message.center.DataSourceFactory required a bean of type 'javax.sql.DataSource' that could not be found.


Action:

Consider defining a bean of type 'javax.sql.DataSource' in your configuration.

2023-10-07 09:54:53 [pool-2-thread-1] ERROR - [MAIL MESSAGE]
javax.mail.MessagingException: Could not convert socket to TLS
	at com.sun.mail.smtp.SMTPTransport.startTLS(SMTPTransport.java:1907) ~[mail-1.4.7.jar:1.4.7]
	at com.sun.mail.smtp.SMTPTransport.protocolConnect(SMTPTransport.java:666) ~[mail-1.4.7.jar:1.4.7]
	at javax.mail.Service.connect(Service.java:317) ~[mail-1.4.7.jar:1.4.7]
	at javax.mail.Service.connect(Service.java:176) ~[mail-1.4.7.jar:1.4.7]
	at javax.mail.Service.connect(Service.java:125) ~[mail-1.4.7.jar:1.4.7]
	at javax.mail.Transport.send0(Transport.java:194) ~[mail-1.4.7.jar:1.4.7]
	at javax.mail.Transport.send(Transport.java:124) ~[mail-1.4.7.jar:1.4.7]
	at club.p6e.coat.message.center.launcher.DefaultMailLauncherParser.send(DefaultMailLauncherParser.java:197) ~[classes/:na]
	at club.p6e.coat.message.center.launcher.DefaultMailLauncherParser.lambda$execute$0(DefaultMailLauncherParser.java:128) ~[classes/:na]
	at java.base/java.util.concurrent.Executors$RunnableAdapter.call(Executors.java:539) ~[na:na]
	at java.base/java.util.concurrent.FutureTask.run(FutureTask.java:264) ~[na:na]
	at java.base/java.util.concurrent.ThreadPoolExecutor.runWorker(ThreadPoolExecutor.java:1136) ~[na:na]
	at java.base/java.util.concurrent.ThreadPoolExecutor$Worker.run(ThreadPoolExecutor.java:635) ~[na:na]
	at java.base/java.lang.Thread.run(Thread.java:833) ~[na:na]
Caused by: javax.net.ssl.SSLHandshakeException: No appropriate protocol (protocol is disabled or cipher suites are inappropriate)
	at java.base/sun.security.ssl.HandshakeContext.<init>(HandshakeContext.java:172) ~[na:na]
	at java.base/sun.security.ssl.ClientHandshakeContext.<init>(ClientHandshakeContext.java:103) ~[na:na]
	at java.base/sun.security.ssl.TransportContext.kickstart(TransportContext.java:247) ~[na:na]
	at java.base/sun.security.ssl.SSLSocketImpl.startHandshake(SSLSocketImpl.java:448) ~[na:na]
	at java.base/sun.security.ssl.SSLSocketImpl.startHandshake(SSLSocketImpl.java:426) ~[na:na]
	at com.sun.mail.util.SocketFetcher.configureSSLSocket(SocketFetcher.java:549) ~[mail-1.4.7.jar:1.4.7]
	at com.sun.mail.util.SocketFetcher.startTLS(SocketFetcher.java:486) ~[mail-1.4.7.jar:1.4.7]
	at com.sun.mail.smtp.SMTPTransport.startTLS(SMTPTransport.java:1902) ~[mail-1.4.7.jar:1.4.7]
	... 13 common frames omitted
2023-10-07 09:57:18 [pool-2-thread-1] ERROR - [MAIL MESSAGE]
javax.mail.MessagingException: Could not convert socket to TLS
	at com.sun.mail.smtp.SMTPTransport.startTLS(SMTPTransport.java:1907) ~[mail-1.4.7.jar:1.4.7]
	at com.sun.mail.smtp.SMTPTransport.protocolConnect(SMTPTransport.java:666) ~[mail-1.4.7.jar:1.4.7]
	at javax.mail.Service.connect(Service.java:317) ~[mail-1.4.7.jar:1.4.7]
	at javax.mail.Service.connect(Service.java:176) ~[mail-1.4.7.jar:1.4.7]
	at javax.mail.Service.connect(Service.java:125) ~[mail-1.4.7.jar:1.4.7]
	at javax.mail.Transport.send0(Transport.java:194) ~[mail-1.4.7.jar:1.4.7]
	at javax.mail.Transport.send(Transport.java:124) ~[mail-1.4.7.jar:1.4.7]
	at club.p6e.coat.message.center.launcher.DefaultMailLauncherParser.send(DefaultMailLauncherParser.java:197) ~[classes/:na]
	at club.p6e.coat.message.center.launcher.DefaultMailLauncherParser.lambda$execute$0(DefaultMailLauncherParser.java:128) ~[classes/:na]
	at java.base/java.util.concurrent.Executors$RunnableAdapter.call(Executors.java:539) ~[na:na]
	at java.base/java.util.concurrent.FutureTask.run(FutureTask.java:264) ~[na:na]
	at java.base/java.util.concurrent.ThreadPoolExecutor.runWorker(ThreadPoolExecutor.java:1136) ~[na:na]
	at java.base/java.util.concurrent.ThreadPoolExecutor$Worker.run(ThreadPoolExecutor.java:635) ~[na:na]
	at java.base/java.lang.Thread.run(Thread.java:833) ~[na:na]
Caused by: javax.net.ssl.SSLHandshakeException: No appropriate protocol (protocol is disabled or cipher suites are inappropriate)
	at java.base/sun.security.ssl.HandshakeContext.<init>(HandshakeContext.java:172) ~[na:na]
	at java.base/sun.security.ssl.ClientHandshakeContext.<init>(ClientHandshakeContext.java:103) ~[na:na]
	at java.base/sun.security.ssl.TransportContext.kickstart(TransportContext.java:247) ~[na:na]
	at java.base/sun.security.ssl.SSLSocketImpl.startHandshake(SSLSocketImpl.java:448) ~[na:na]
	at java.base/sun.security.ssl.SSLSocketImpl.startHandshake(SSLSocketImpl.java:426) ~[na:na]
	at com.sun.mail.util.SocketFetcher.configureSSLSocket(SocketFetcher.java:549) ~[mail-1.4.7.jar:1.4.7]
	at com.sun.mail.util.SocketFetcher.startTLS(SocketFetcher.java:486) ~[mail-1.4.7.jar:1.4.7]
	at com.sun.mail.smtp.SMTPTransport.startTLS(SMTPTransport.java:1902) ~[mail-1.4.7.jar:1.4.7]
	... 13 common frames omitted
2023-10-07 09:58:43 [pool-2-thread-1] ERROR - [MAIL MESSAGE]
javax.mail.MessagingException: Could not convert socket to TLS
	at com.sun.mail.smtp.SMTPTransport.startTLS(SMTPTransport.java:1907) ~[mail-1.4.7.jar:1.4.7]
	at com.sun.mail.smtp.SMTPTransport.protocolConnect(SMTPTransport.java:666) ~[mail-1.4.7.jar:1.4.7]
	at javax.mail.Service.connect(Service.java:317) ~[mail-1.4.7.jar:1.4.7]
	at javax.mail.Service.connect(Service.java:176) ~[mail-1.4.7.jar:1.4.7]
	at javax.mail.Service.connect(Service.java:125) ~[mail-1.4.7.jar:1.4.7]
	at javax.mail.Transport.send0(Transport.java:194) ~[mail-1.4.7.jar:1.4.7]
	at javax.mail.Transport.send(Transport.java:124) ~[mail-1.4.7.jar:1.4.7]
	at club.p6e.coat.message.center.launcher.DefaultMailLauncherParser.send(DefaultMailLauncherParser.java:199) ~[classes/:na]
	at club.p6e.coat.message.center.launcher.DefaultMailLauncherParser.lambda$execute$0(DefaultMailLauncherParser.java:128) ~[classes/:na]
	at java.base/java.util.concurrent.Executors$RunnableAdapter.call(Executors.java:539) ~[na:na]
	at java.base/java.util.concurrent.FutureTask.run(FutureTask.java:264) ~[na:na]
	at java.base/java.util.concurrent.ThreadPoolExecutor.runWorker(ThreadPoolExecutor.java:1136) ~[na:na]
	at java.base/java.util.concurrent.ThreadPoolExecutor$Worker.run(ThreadPoolExecutor.java:635) ~[na:na]
	at java.base/java.lang.Thread.run(Thread.java:833) ~[na:na]
Caused by: javax.net.ssl.SSLHandshakeException: No appropriate protocol (protocol is disabled or cipher suites are inappropriate)
	at java.base/sun.security.ssl.HandshakeContext.<init>(HandshakeContext.java:172) ~[na:na]
	at java.base/sun.security.ssl.ClientHandshakeContext.<init>(ClientHandshakeContext.java:103) ~[na:na]
	at java.base/sun.security.ssl.TransportContext.kickstart(TransportContext.java:247) ~[na:na]
	at java.base/sun.security.ssl.SSLSocketImpl.startHandshake(SSLSocketImpl.java:448) ~[na:na]
	at java.base/sun.security.ssl.SSLSocketImpl.startHandshake(SSLSocketImpl.java:426) ~[na:na]
	at com.sun.mail.util.SocketFetcher.configureSSLSocket(SocketFetcher.java:549) ~[mail-1.4.7.jar:1.4.7]
	at com.sun.mail.util.SocketFetcher.startTLS(SocketFetcher.java:486) ~[mail-1.4.7.jar:1.4.7]
	at com.sun.mail.smtp.SMTPTransport.startTLS(SMTPTransport.java:1902) ~[mail-1.4.7.jar:1.4.7]
	... 13 common frames omitted
2023-10-07 10:01:51 [pool-2-thread-1] ERROR - [MAIL MESSAGE]
javax.mail.MessagingException: Could not connect to SMTP host: smtp.163.com, port: 25
	at com.sun.mail.smtp.SMTPTransport.openServer(SMTPTransport.java:1961) ~[mail-1.4.7.jar:1.4.7]
	at com.sun.mail.smtp.SMTPTransport.protocolConnect(SMTPTransport.java:654) ~[mail-1.4.7.jar:1.4.7]
	at javax.mail.Service.connect(Service.java:317) ~[mail-1.4.7.jar:1.4.7]
	at javax.mail.Service.connect(Service.java:176) ~[mail-1.4.7.jar:1.4.7]
	at javax.mail.Service.connect(Service.java:125) ~[mail-1.4.7.jar:1.4.7]
	at javax.mail.Transport.send0(Transport.java:194) ~[mail-1.4.7.jar:1.4.7]
	at javax.mail.Transport.send(Transport.java:124) ~[mail-1.4.7.jar:1.4.7]
	at club.p6e.coat.message.center.launcher.DefaultMailLauncherParser.send(DefaultMailLauncherParser.java:200) ~[classes/:na]
	at club.p6e.coat.message.center.launcher.DefaultMailLauncherParser.lambda$execute$0(DefaultMailLauncherParser.java:129) ~[classes/:na]
	at java.base/java.util.concurrent.Executors$RunnableAdapter.call(Executors.java:539) ~[na:na]
	at java.base/java.util.concurrent.FutureTask.run(FutureTask.java:264) ~[na:na]
	at java.base/java.util.concurrent.ThreadPoolExecutor.runWorker(ThreadPoolExecutor.java:1136) ~[na:na]
	at java.base/java.util.concurrent.ThreadPoolExecutor$Worker.run(ThreadPoolExecutor.java:635) ~[na:na]
	at java.base/java.lang.Thread.run(Thread.java:833) ~[na:na]
Caused by: javax.net.ssl.SSLHandshakeException: No appropriate protocol (protocol is disabled or cipher suites are inappropriate)
	at java.base/sun.security.ssl.HandshakeContext.<init>(HandshakeContext.java:172) ~[na:na]
	at java.base/sun.security.ssl.ClientHandshakeContext.<init>(ClientHandshakeContext.java:103) ~[na:na]
	at java.base/sun.security.ssl.TransportContext.kickstart(TransportContext.java:247) ~[na:na]
	at java.base/sun.security.ssl.SSLSocketImpl.startHandshake(SSLSocketImpl.java:448) ~[na:na]
	at java.base/sun.security.ssl.SSLSocketImpl.startHandshake(SSLSocketImpl.java:426) ~[na:na]
	at com.sun.mail.util.SocketFetcher.configureSSLSocket(SocketFetcher.java:549) ~[mail-1.4.7.jar:1.4.7]
	at com.sun.mail.util.SocketFetcher.createSocket(SocketFetcher.java:354) ~[mail-1.4.7.jar:1.4.7]
	at com.sun.mail.util.SocketFetcher.getSocket(SocketFetcher.java:237) ~[mail-1.4.7.jar:1.4.7]
	at com.sun.mail.smtp.SMTPTransport.openServer(SMTPTransport.java:1927) ~[mail-1.4.7.jar:1.4.7]
	... 13 common frames omitted
2023-10-07 10:03:00 [pool-2-thread-1] ERROR - [MAIL MESSAGE]
javax.mail.MessagingException: Could not connect to SMTP host: smtp.163.com, port: 465
	at com.sun.mail.smtp.SMTPTransport.openServer(SMTPTransport.java:1961) ~[mail-1.4.7.jar:1.4.7]
	at com.sun.mail.smtp.SMTPTransport.protocolConnect(SMTPTransport.java:654) ~[mail-1.4.7.jar:1.4.7]
	at javax.mail.Service.connect(Service.java:317) ~[mail-1.4.7.jar:1.4.7]
	at javax.mail.Service.connect(Service.java:176) ~[mail-1.4.7.jar:1.4.7]
	at javax.mail.Service.connect(Service.java:125) ~[mail-1.4.7.jar:1.4.7]
	at javax.mail.Transport.send0(Transport.java:194) ~[mail-1.4.7.jar:1.4.7]
	at javax.mail.Transport.send(Transport.java:124) ~[mail-1.4.7.jar:1.4.7]
	at club.p6e.coat.message.center.launcher.DefaultMailLauncherParser.send(DefaultMailLauncherParser.java:200) ~[classes/:na]
	at club.p6e.coat.message.center.launcher.DefaultMailLauncherParser.lambda$execute$0(DefaultMailLauncherParser.java:129) ~[classes/:na]
	at java.base/java.util.concurrent.Executors$RunnableAdapter.call(Executors.java:539) ~[na:na]
	at java.base/java.util.concurrent.FutureTask.run(FutureTask.java:264) ~[na:na]
	at java.base/java.util.concurrent.ThreadPoolExecutor.runWorker(ThreadPoolExecutor.java:1136) ~[na:na]
	at java.base/java.util.concurrent.ThreadPoolExecutor$Worker.run(ThreadPoolExecutor.java:635) ~[na:na]
	at java.base/java.lang.Thread.run(Thread.java:833) ~[na:na]
Caused by: javax.net.ssl.SSLHandshakeException: No appropriate protocol (protocol is disabled or cipher suites are inappropriate)
	at java.base/sun.security.ssl.HandshakeContext.<init>(HandshakeContext.java:172) ~[na:na]
	at java.base/sun.security.ssl.ClientHandshakeContext.<init>(ClientHandshakeContext.java:103) ~[na:na]
	at java.base/sun.security.ssl.TransportContext.kickstart(TransportContext.java:247) ~[na:na]
	at java.base/sun.security.ssl.SSLSocketImpl.startHandshake(SSLSocketImpl.java:448) ~[na:na]
	at java.base/sun.security.ssl.SSLSocketImpl.startHandshake(SSLSocketImpl.java:426) ~[na:na]
	at com.sun.mail.util.SocketFetcher.configureSSLSocket(SocketFetcher.java:549) ~[mail-1.4.7.jar:1.4.7]
	at com.sun.mail.util.SocketFetcher.createSocket(SocketFetcher.java:354) ~[mail-1.4.7.jar:1.4.7]
	at com.sun.mail.util.SocketFetcher.getSocket(SocketFetcher.java:237) ~[mail-1.4.7.jar:1.4.7]
	at com.sun.mail.smtp.SMTPTransport.openServer(SMTPTransport.java:1927) ~[mail-1.4.7.jar:1.4.7]
	... 13 common frames omitted
2023-10-07 10:04:54 [pool-2-thread-1] ERROR - [MAIL MESSAGE]
javax.mail.MessagingException: Could not connect to SMTP host: smtp.163.com, port: 465
	at com.sun.mail.smtp.SMTPTransport.openServer(SMTPTransport.java:1961) ~[mail-1.4.7.jar:1.4.7]
	at com.sun.mail.smtp.SMTPTransport.protocolConnect(SMTPTransport.java:654) ~[mail-1.4.7.jar:1.4.7]
	at javax.mail.Service.connect(Service.java:317) ~[mail-1.4.7.jar:1.4.7]
	at javax.mail.Service.connect(Service.java:176) ~[mail-1.4.7.jar:1.4.7]
	at javax.mail.Service.connect(Service.java:125) ~[mail-1.4.7.jar:1.4.7]
	at javax.mail.Transport.send0(Transport.java:194) ~[mail-1.4.7.jar:1.4.7]
	at javax.mail.Transport.send(Transport.java:124) ~[mail-1.4.7.jar:1.4.7]
	at club.p6e.coat.message.center.launcher.DefaultMailLauncherParser.send(DefaultMailLauncherParser.java:203) ~[classes/:na]
	at club.p6e.coat.message.center.launcher.DefaultMailLauncherParser.lambda$execute$0(DefaultMailLauncherParser.java:132) ~[classes/:na]
	at java.base/java.util.concurrent.Executors$RunnableAdapter.call(Executors.java:539) ~[na:na]
	at java.base/java.util.concurrent.FutureTask.run(FutureTask.java:264) ~[na:na]
	at java.base/java.util.concurrent.ThreadPoolExecutor.runWorker(ThreadPoolExecutor.java:1136) ~[na:na]
	at java.base/java.util.concurrent.ThreadPoolExecutor$Worker.run(ThreadPoolExecutor.java:635) ~[na:na]
	at java.base/java.lang.Thread.run(Thread.java:833) ~[na:na]
Caused by: javax.net.ssl.SSLHandshakeException: No appropriate protocol (protocol is disabled or cipher suites are inappropriate)
	at java.base/sun.security.ssl.HandshakeContext.<init>(HandshakeContext.java:172) ~[na:na]
	at java.base/sun.security.ssl.ClientHandshakeContext.<init>(ClientHandshakeContext.java:103) ~[na:na]
	at java.base/sun.security.ssl.TransportContext.kickstart(TransportContext.java:247) ~[na:na]
	at java.base/sun.security.ssl.SSLSocketImpl.startHandshake(SSLSocketImpl.java:448) ~[na:na]
	at java.base/sun.security.ssl.SSLSocketImpl.startHandshake(SSLSocketImpl.java:426) ~[na:na]
	at com.sun.mail.util.SocketFetcher.configureSSLSocket(SocketFetcher.java:549) ~[mail-1.4.7.jar:1.4.7]
	at com.sun.mail.util.SocketFetcher.createSocket(SocketFetcher.java:354) ~[mail-1.4.7.jar:1.4.7]
	at com.sun.mail.util.SocketFetcher.getSocket(SocketFetcher.java:237) ~[mail-1.4.7.jar:1.4.7]
	at com.sun.mail.smtp.SMTPTransport.openServer(SMTPTransport.java:1927) ~[mail-1.4.7.jar:1.4.7]
	... 13 common frames omitted
2023-10-07 10:05:56 [pool-2-thread-1] ERROR - [MAIL MESSAGE]
javax.mail.MessagingException: Could not connect to SMTP host: smtp.163.com, port: 465
	at com.sun.mail.smtp.SMTPTransport.openServer(SMTPTransport.java:1961) ~[mail-1.4.7.jar:1.4.7]
	at com.sun.mail.smtp.SMTPTransport.protocolConnect(SMTPTransport.java:654) ~[mail-1.4.7.jar:1.4.7]
	at javax.mail.Service.connect(Service.java:317) ~[mail-1.4.7.jar:1.4.7]
	at javax.mail.Service.connect(Service.java:176) ~[mail-1.4.7.jar:1.4.7]
	at javax.mail.Service.connect(Service.java:125) ~[mail-1.4.7.jar:1.4.7]
	at javax.mail.Transport.send0(Transport.java:194) ~[mail-1.4.7.jar:1.4.7]
	at javax.mail.Transport.send(Transport.java:124) ~[mail-1.4.7.jar:1.4.7]
	at club.p6e.coat.message.center.launcher.DefaultMailLauncherParser.send(DefaultMailLauncherParser.java:197) ~[classes/:na]
	at club.p6e.coat.message.center.launcher.DefaultMailLauncherParser.lambda$execute$0(DefaultMailLauncherParser.java:126) ~[classes/:na]
	at java.base/java.util.concurrent.Executors$RunnableAdapter.call(Executors.java:539) ~[na:na]
	at java.base/java.util.concurrent.FutureTask.run(FutureTask.java:264) ~[na:na]
	at java.base/java.util.concurrent.ThreadPoolExecutor.runWorker(ThreadPoolExecutor.java:1136) ~[na:na]
	at java.base/java.util.concurrent.ThreadPoolExecutor$Worker.run(ThreadPoolExecutor.java:635) ~[na:na]
	at java.base/java.lang.Thread.run(Thread.java:833) ~[na:na]
Caused by: javax.net.ssl.SSLHandshakeException: No appropriate protocol (protocol is disabled or cipher suites are inappropriate)
	at java.base/sun.security.ssl.HandshakeContext.<init>(HandshakeContext.java:172) ~[na:na]
	at java.base/sun.security.ssl.ClientHandshakeContext.<init>(ClientHandshakeContext.java:103) ~[na:na]
	at java.base/sun.security.ssl.TransportContext.kickstart(TransportContext.java:247) ~[na:na]
	at java.base/sun.security.ssl.SSLSocketImpl.startHandshake(SSLSocketImpl.java:448) ~[na:na]
	at java.base/sun.security.ssl.SSLSocketImpl.startHandshake(SSLSocketImpl.java:426) ~[na:na]
	at com.sun.mail.util.SocketFetcher.configureSSLSocket(SocketFetcher.java:549) ~[mail-1.4.7.jar:1.4.7]
	at com.sun.mail.util.SocketFetcher.createSocket(SocketFetcher.java:354) ~[mail-1.4.7.jar:1.4.7]
	at com.sun.mail.util.SocketFetcher.getSocket(SocketFetcher.java:237) ~[mail-1.4.7.jar:1.4.7]
	at com.sun.mail.smtp.SMTPTransport.openServer(SMTPTransport.java:1927) ~[mail-1.4.7.jar:1.4.7]
	... 13 common frames omitted
2023-10-07 10:06:46 [pool-2-thread-1] ERROR - [MAIL MESSAGE]
javax.mail.MessagingException: Could not connect to SMTP host: smtp.163.com, port: 465
	at com.sun.mail.smtp.SMTPTransport.openServer(SMTPTransport.java:1961) ~[mail-1.4.7.jar:1.4.7]
	at com.sun.mail.smtp.SMTPTransport.protocolConnect(SMTPTransport.java:654) ~[mail-1.4.7.jar:1.4.7]
	at javax.mail.Service.connect(Service.java:317) ~[mail-1.4.7.jar:1.4.7]
	at javax.mail.Service.connect(Service.java:176) ~[mail-1.4.7.jar:1.4.7]
	at javax.mail.Service.connect(Service.java:125) ~[mail-1.4.7.jar:1.4.7]
	at javax.mail.Transport.send0(Transport.java:194) ~[mail-1.4.7.jar:1.4.7]
	at javax.mail.Transport.send(Transport.java:124) ~[mail-1.4.7.jar:1.4.7]
	at club.p6e.coat.message.center.launcher.DefaultMailLauncherParser.send(DefaultMailLauncherParser.java:197) ~[classes/:na]
	at club.p6e.coat.message.center.launcher.DefaultMailLauncherParser.lambda$execute$0(DefaultMailLauncherParser.java:126) ~[classes/:na]
	at java.base/java.util.concurrent.Executors$RunnableAdapter.call(Executors.java:539) ~[na:na]
	at java.base/java.util.concurrent.FutureTask.run(FutureTask.java:264) ~[na:na]
	at java.base/java.util.concurrent.ThreadPoolExecutor.runWorker(ThreadPoolExecutor.java:1136) ~[na:na]
	at java.base/java.util.concurrent.ThreadPoolExecutor$Worker.run(ThreadPoolExecutor.java:635) ~[na:na]
	at java.base/java.lang.Thread.run(Thread.java:833) ~[na:na]
Caused by: javax.net.ssl.SSLHandshakeException: No appropriate protocol (protocol is disabled or cipher suites are inappropriate)
	at java.base/sun.security.ssl.HandshakeContext.<init>(HandshakeContext.java:172) ~[na:na]
	at java.base/sun.security.ssl.ClientHandshakeContext.<init>(ClientHandshakeContext.java:103) ~[na:na]
	at java.base/sun.security.ssl.TransportContext.kickstart(TransportContext.java:247) ~[na:na]
	at java.base/sun.security.ssl.SSLSocketImpl.startHandshake(SSLSocketImpl.java:448) ~[na:na]
	at java.base/sun.security.ssl.SSLSocketImpl.startHandshake(SSLSocketImpl.java:426) ~[na:na]
	at com.sun.mail.util.SocketFetcher.configureSSLSocket(SocketFetcher.java:549) ~[mail-1.4.7.jar:1.4.7]
	at com.sun.mail.util.SocketFetcher.createSocket(SocketFetcher.java:354) ~[mail-1.4.7.jar:1.4.7]
	at com.sun.mail.util.SocketFetcher.getSocket(SocketFetcher.java:237) ~[mail-1.4.7.jar:1.4.7]
	at com.sun.mail.smtp.SMTPTransport.openServer(SMTPTransport.java:1927) ~[mail-1.4.7.jar:1.4.7]
	... 13 common frames omitted
2023-10-07 10:08:49 [pool-2-thread-1] ERROR - [MAIL MESSAGE]
javax.mail.MessagingException: Could not connect to SMTP host: smtp.163.com, port: 465
	at com.sun.mail.smtp.SMTPTransport.openServer(SMTPTransport.java:1961) ~[mail-1.4.7.jar:1.4.7]
	at com.sun.mail.smtp.SMTPTransport.protocolConnect(SMTPTransport.java:654) ~[mail-1.4.7.jar:1.4.7]
	at javax.mail.Service.connect(Service.java:317) ~[mail-1.4.7.jar:1.4.7]
	at javax.mail.Service.connect(Service.java:176) ~[mail-1.4.7.jar:1.4.7]
	at javax.mail.Service.connect(Service.java:125) ~[mail-1.4.7.jar:1.4.7]
	at javax.mail.Transport.send0(Transport.java:194) ~[mail-1.4.7.jar:1.4.7]
	at javax.mail.Transport.send(Transport.java:124) ~[mail-1.4.7.jar:1.4.7]
	at club.p6e.coat.message.center.launcher.DefaultMailLauncherParser.send(DefaultMailLauncherParser.java:197) ~[classes/:na]
	at club.p6e.coat.message.center.launcher.DefaultMailLauncherParser.lambda$execute$0(DefaultMailLauncherParser.java:126) ~[classes/:na]
	at java.base/java.util.concurrent.Executors$RunnableAdapter.call(Executors.java:539) ~[na:na]
	at java.base/java.util.concurrent.FutureTask.run(FutureTask.java:264) ~[na:na]
	at java.base/java.util.concurrent.ThreadPoolExecutor.runWorker(ThreadPoolExecutor.java:1136) ~[na:na]
	at java.base/java.util.concurrent.ThreadPoolExecutor$Worker.run(ThreadPoolExecutor.java:635) ~[na:na]
	at java.base/java.lang.Thread.run(Thread.java:833) ~[na:na]
Caused by: javax.net.ssl.SSLHandshakeException: No appropriate protocol (protocol is disabled or cipher suites are inappropriate)
	at java.base/sun.security.ssl.HandshakeContext.<init>(HandshakeContext.java:172) ~[na:na]
	at java.base/sun.security.ssl.ClientHandshakeContext.<init>(ClientHandshakeContext.java:103) ~[na:na]
	at java.base/sun.security.ssl.TransportContext.kickstart(TransportContext.java:247) ~[na:na]
	at java.base/sun.security.ssl.SSLSocketImpl.startHandshake(SSLSocketImpl.java:448) ~[na:na]
	at java.base/sun.security.ssl.SSLSocketImpl.startHandshake(SSLSocketImpl.java:426) ~[na:na]
	at com.sun.mail.util.SocketFetcher.configureSSLSocket(SocketFetcher.java:549) ~[mail-1.4.7.jar:1.4.7]
	at com.sun.mail.util.SocketFetcher.createSocket(SocketFetcher.java:354) ~[mail-1.4.7.jar:1.4.7]
	at com.sun.mail.util.SocketFetcher.getSocket(SocketFetcher.java:237) ~[mail-1.4.7.jar:1.4.7]
	at com.sun.mail.smtp.SMTPTransport.openServer(SMTPTransport.java:1927) ~[mail-1.4.7.jar:1.4.7]
	... 13 common frames omitted
2023-10-07 10:15:40 [pool-2-thread-1] ERROR - [MAIL MESSAGE]
javax.mail.MessagingException: Could not connect to SMTP host: smtp.163.com, port: 465
	at com.sun.mail.smtp.SMTPTransport.openServer(SMTPTransport.java:1961) ~[mail-1.4.7.jar:1.4.7]
	at com.sun.mail.smtp.SMTPTransport.protocolConnect(SMTPTransport.java:654) ~[mail-1.4.7.jar:1.4.7]
	at javax.mail.Service.connect(Service.java:317) ~[mail-1.4.7.jar:1.4.7]
	at javax.mail.Service.connect(Service.java:176) ~[mail-1.4.7.jar:1.4.7]
	at javax.mail.Service.connect(Service.java:125) ~[mail-1.4.7.jar:1.4.7]
	at javax.mail.Transport.send0(Transport.java:194) ~[mail-1.4.7.jar:1.4.7]
	at javax.mail.Transport.send(Transport.java:124) ~[mail-1.4.7.jar:1.4.7]
	at club.p6e.coat.message.center.launcher.DefaultMailLauncherParser.send(DefaultMailLauncherParser.java:198) ~[classes/:na]
	at club.p6e.coat.message.center.launcher.DefaultMailLauncherParser.lambda$execute$0(DefaultMailLauncherParser.java:127) ~[classes/:na]
	at java.base/java.util.concurrent.Executors$RunnableAdapter.call(Executors.java:539) ~[na:na]
	at java.base/java.util.concurrent.FutureTask.run(FutureTask.java:264) ~[na:na]
	at java.base/java.util.concurrent.ThreadPoolExecutor.runWorker(ThreadPoolExecutor.java:1136) ~[na:na]
	at java.base/java.util.concurrent.ThreadPoolExecutor$Worker.run(ThreadPoolExecutor.java:635) ~[na:na]
	at java.base/java.lang.Thread.run(Thread.java:833) ~[na:na]
Caused by: javax.net.ssl.SSLHandshakeException: No appropriate protocol (protocol is disabled or cipher suites are inappropriate)
	at java.base/sun.security.ssl.HandshakeContext.<init>(HandshakeContext.java:172) ~[na:na]
	at java.base/sun.security.ssl.ClientHandshakeContext.<init>(ClientHandshakeContext.java:103) ~[na:na]
	at java.base/sun.security.ssl.TransportContext.kickstart(TransportContext.java:247) ~[na:na]
	at java.base/sun.security.ssl.SSLSocketImpl.startHandshake(SSLSocketImpl.java:448) ~[na:na]
	at java.base/sun.security.ssl.SSLSocketImpl.startHandshake(SSLSocketImpl.java:426) ~[na:na]
	at com.sun.mail.util.SocketFetcher.configureSSLSocket(SocketFetcher.java:549) ~[mail-1.4.7.jar:1.4.7]
	at com.sun.mail.util.SocketFetcher.createSocket(SocketFetcher.java:354) ~[mail-1.4.7.jar:1.4.7]
	at com.sun.mail.util.SocketFetcher.getSocket(SocketFetcher.java:237) ~[mail-1.4.7.jar:1.4.7]
	at com.sun.mail.smtp.SMTPTransport.openServer(SMTPTransport.java:1927) ~[mail-1.4.7.jar:1.4.7]
	... 13 common frames omitted
2023-10-07 10:20:06 [pool-2-thread-1] ERROR - [MAIL MESSAGE]
javax.mail.MessagingException: Could not connect to SMTP host: smtp.163.com, port: 465
	at com.sun.mail.smtp.SMTPTransport.openServer(SMTPTransport.java:1961) ~[mail-1.4.7.jar:1.4.7]
	at com.sun.mail.smtp.SMTPTransport.protocolConnect(SMTPTransport.java:654) ~[mail-1.4.7.jar:1.4.7]
	at javax.mail.Service.connect(Service.java:317) ~[mail-1.4.7.jar:1.4.7]
	at javax.mail.Service.connect(Service.java:176) ~[mail-1.4.7.jar:1.4.7]
	at javax.mail.Service.connect(Service.java:125) ~[mail-1.4.7.jar:1.4.7]
	at javax.mail.Transport.send0(Transport.java:194) ~[mail-1.4.7.jar:1.4.7]
	at javax.mail.Transport.send(Transport.java:124) ~[mail-1.4.7.jar:1.4.7]
	at club.p6e.coat.message.center.launcher.DefaultMailLauncherParser.send(DefaultMailLauncherParser.java:196) ~[classes/:na]
	at club.p6e.coat.message.center.launcher.DefaultMailLauncherParser.lambda$execute$0(DefaultMailLauncherParser.java:125) ~[classes/:na]
	at java.base/java.util.concurrent.Executors$RunnableAdapter.call(Executors.java:539) ~[na:na]
	at java.base/java.util.concurrent.FutureTask.run(FutureTask.java:264) ~[na:na]
	at java.base/java.util.concurrent.ThreadPoolExecutor.runWorker(ThreadPoolExecutor.java:1136) ~[na:na]
	at java.base/java.util.concurrent.ThreadPoolExecutor$Worker.run(ThreadPoolExecutor.java:635) ~[na:na]
	at java.base/java.lang.Thread.run(Thread.java:833) ~[na:na]
Caused by: javax.net.ssl.SSLHandshakeException: No appropriate protocol (protocol is disabled or cipher suites are inappropriate)
	at java.base/sun.security.ssl.HandshakeContext.<init>(HandshakeContext.java:172) ~[na:na]
	at java.base/sun.security.ssl.ClientHandshakeContext.<init>(ClientHandshakeContext.java:103) ~[na:na]
	at java.base/sun.security.ssl.TransportContext.kickstart(TransportContext.java:247) ~[na:na]
	at java.base/sun.security.ssl.SSLSocketImpl.startHandshake(SSLSocketImpl.java:448) ~[na:na]
	at java.base/sun.security.ssl.SSLSocketImpl.startHandshake(SSLSocketImpl.java:426) ~[na:na]
	at com.sun.mail.util.SocketFetcher.configureSSLSocket(SocketFetcher.java:549) ~[mail-1.4.7.jar:1.4.7]
	at com.sun.mail.util.SocketFetcher.createSocket(SocketFetcher.java:354) ~[mail-1.4.7.jar:1.4.7]
	at com.sun.mail.util.SocketFetcher.getSocket(SocketFetcher.java:237) ~[mail-1.4.7.jar:1.4.7]
	at com.sun.mail.smtp.SMTPTransport.openServer(SMTPTransport.java:1927) ~[mail-1.4.7.jar:1.4.7]
	... 13 common frames omitted
2023-10-07 10:20:32 [pool-2-thread-1] ERROR - [MAIL MESSAGE]
javax.mail.MessagingException: Could not connect to SMTP host: smtp.163.com, port: 465
	at com.sun.mail.smtp.SMTPTransport.openServer(SMTPTransport.java:1961) ~[mail-1.4.7.jar:1.4.7]
	at com.sun.mail.smtp.SMTPTransport.protocolConnect(SMTPTransport.java:654) ~[mail-1.4.7.jar:1.4.7]
	at javax.mail.Service.connect(Service.java:317) ~[mail-1.4.7.jar:1.4.7]
	at javax.mail.Service.connect(Service.java:176) ~[mail-1.4.7.jar:1.4.7]
	at javax.mail.Service.connect(Service.java:125) ~[mail-1.4.7.jar:1.4.7]
	at javax.mail.Transport.send0(Transport.java:194) ~[mail-1.4.7.jar:1.4.7]
	at javax.mail.Transport.send(Transport.java:124) ~[mail-1.4.7.jar:1.4.7]
	at club.p6e.coat.message.center.launcher.DefaultMailLauncherParser.send(DefaultMailLauncherParser.java:197) ~[classes/:na]
	at club.p6e.coat.message.center.launcher.DefaultMailLauncherParser.lambda$execute$0(DefaultMailLauncherParser.java:126) ~[classes/:na]
	at java.base/java.util.concurrent.Executors$RunnableAdapter.call(Executors.java:539) ~[na:na]
	at java.base/java.util.concurrent.FutureTask.run(FutureTask.java:264) ~[na:na]
	at java.base/java.util.concurrent.ThreadPoolExecutor.runWorker(ThreadPoolExecutor.java:1136) ~[na:na]
	at java.base/java.util.concurrent.ThreadPoolExecutor$Worker.run(ThreadPoolExecutor.java:635) ~[na:na]
	at java.base/java.lang.Thread.run(Thread.java:833) ~[na:na]
Caused by: javax.net.ssl.SSLHandshakeException: No appropriate protocol (protocol is disabled or cipher suites are inappropriate)
	at java.base/sun.security.ssl.HandshakeContext.<init>(HandshakeContext.java:172) ~[na:na]
	at java.base/sun.security.ssl.ClientHandshakeContext.<init>(ClientHandshakeContext.java:103) ~[na:na]
	at java.base/sun.security.ssl.TransportContext.kickstart(TransportContext.java:247) ~[na:na]
	at java.base/sun.security.ssl.SSLSocketImpl.startHandshake(SSLSocketImpl.java:448) ~[na:na]
	at java.base/sun.security.ssl.SSLSocketImpl.startHandshake(SSLSocketImpl.java:426) ~[na:na]
	at com.sun.mail.util.SocketFetcher.configureSSLSocket(SocketFetcher.java:549) ~[mail-1.4.7.jar:1.4.7]
	at com.sun.mail.util.SocketFetcher.createSocket(SocketFetcher.java:354) ~[mail-1.4.7.jar:1.4.7]
	at com.sun.mail.util.SocketFetcher.getSocket(SocketFetcher.java:237) ~[mail-1.4.7.jar:1.4.7]
	at com.sun.mail.smtp.SMTPTransport.openServer(SMTPTransport.java:1927) ~[mail-1.4.7.jar:1.4.7]
	... 13 common frames omitted
2023-10-07 22:17:04 [main] ERROR - Application run failed
org.springframework.beans.factory.BeanCreationException: Error creating bean with name 'defaultMobileMessageLauncherParser' defined in file [D:\CodeResources\github\p6e-coat-message-center\p6e-coat-starter-message-center\target\classes\club\p6e\coat\message\center\launcher\DefaultMobileMessageLauncherParser.class]: Failed to instantiate [club.p6e.coat.message.center.launcher.DefaultMobileMessageLauncherParser]: Constructor threw exception
	at org.springframework.beans.factory.support.ConstructorResolver.instantiate(ConstructorResolver.java:326) ~[spring-beans-6.0.9.jar:6.0.9]
	at org.springframework.beans.factory.support.ConstructorResolver.autowireConstructor(ConstructorResolver.java:314) ~[spring-beans-6.0.9.jar:6.0.9]
	at org.springframework.beans.factory.support.AbstractAutowireCapableBeanFactory.autowireConstructor(AbstractAutowireCapableBeanFactory.java:1352) ~[spring-beans-6.0.9.jar:6.0.9]
	at org.springframework.beans.factory.support.AbstractAutowireCapableBeanFactory.createBeanInstance(AbstractAutowireCapableBeanFactory.java:1189) ~[spring-beans-6.0.9.jar:6.0.9]
	at org.springframework.beans.factory.support.AbstractAutowireCapableBeanFactory.doCreateBean(AbstractAutowireCapableBeanFactory.java:560) ~[spring-beans-6.0.9.jar:6.0.9]
	at org.springframework.beans.factory.support.AbstractAutowireCapableBeanFactory.createBean(AbstractAutowireCapableBeanFactory.java:520) ~[spring-beans-6.0.9.jar:6.0.9]
	at org.springframework.beans.factory.support.AbstractBeanFactory.lambda$doGetBean$0(AbstractBeanFactory.java:326) ~[spring-beans-6.0.9.jar:6.0.9]
	at org.springframework.beans.factory.support.DefaultSingletonBeanRegistry.getSingleton(DefaultSingletonBeanRegistry.java:234) ~[spring-beans-6.0.9.jar:6.0.9]
	at org.springframework.beans.factory.support.AbstractBeanFactory.doGetBean(AbstractBeanFactory.java:324) ~[spring-beans-6.0.9.jar:6.0.9]
	at org.springframework.beans.factory.support.AbstractBeanFactory.getBean(AbstractBeanFactory.java:200) ~[spring-beans-6.0.9.jar:6.0.9]
	at org.springframework.beans.factory.support.DefaultListableBeanFactory.preInstantiateSingletons(DefaultListableBeanFactory.java:973) ~[spring-beans-6.0.9.jar:6.0.9]
	at org.springframework.context.support.AbstractApplicationContext.finishBeanFactoryInitialization(AbstractApplicationContext.java:941) ~[spring-context-6.0.9.jar:6.0.9]
	at org.springframework.context.support.AbstractApplicationContext.refresh(AbstractApplicationContext.java:608) ~[spring-context-6.0.9.jar:6.0.9]
	at org.springframework.boot.web.servlet.context.ServletWebServerApplicationContext.refresh(ServletWebServerApplicationContext.java:146) ~[spring-boot-3.1.0.jar:3.1.0]
	at org.springframework.boot.SpringApplication.refresh(SpringApplication.java:733) ~[spring-boot-3.1.0.jar:3.1.0]
	at org.springframework.boot.SpringApplication.refreshContext(SpringApplication.java:435) ~[spring-boot-3.1.0.jar:3.1.0]
	at org.springframework.boot.SpringApplication.run(SpringApplication.java:311) ~[spring-boot-3.1.0.jar:3.1.0]
	at org.springframework.boot.SpringApplication.run(SpringApplication.java:1305) ~[spring-boot-3.1.0.jar:3.1.0]
	at org.springframework.boot.SpringApplication.run(SpringApplication.java:1294) ~[spring-boot-3.1.0.jar:3.1.0]
	at club.p6e.coat.message.center.P6eMessageCenterApplication.main(P6eMessageCenterApplication.java:21) ~[classes/:na]
Caused by: org.springframework.beans.BeanInstantiationException: Failed to instantiate [club.p6e.coat.message.center.launcher.DefaultMobileMessageLauncherParser]: Constructor threw exception
	at org.springframework.beans.BeanUtils.instantiateClass(BeanUtils.java:224) ~[spring-beans-6.0.9.jar:6.0.9]
	at org.springframework.beans.factory.support.SimpleInstantiationStrategy.instantiate(SimpleInstantiationStrategy.java:110) ~[spring-beans-6.0.9.jar:6.0.9]
	at org.springframework.beans.factory.support.ConstructorResolver.instantiate(ConstructorResolver.java:323) ~[spring-beans-6.0.9.jar:6.0.9]
	... 19 common frames omitted
Caused by: java.lang.NullPointerException: null
	at java.base/java.util.concurrent.ConcurrentHashMap.putVal(ConcurrentHashMap.java:1011) ~[na:na]
	at java.base/java.util.concurrent.ConcurrentHashMap.put(ConcurrentHashMap.java:1006) ~[na:na]
	at club.p6e.coat.message.center.launcher.DefaultMobileMessageLauncherParser.<init>(DefaultMobileMessageLauncherParser.java:56) ~[classes/:na]
	at java.base/jdk.internal.reflect.NativeConstructorAccessorImpl.newInstance0(Native Method) ~[na:na]
	at java.base/jdk.internal.reflect.NativeConstructorAccessorImpl.newInstance(NativeConstructorAccessorImpl.java:77) ~[na:na]
	at java.base/jdk.internal.reflect.DelegatingConstructorAccessorImpl.newInstance(DelegatingConstructorAccessorImpl.java:45) ~[na:na]
	at java.base/java.lang.reflect.Constructor.newInstanceWithCaller(Constructor.java:499) ~[na:na]
	at java.base/java.lang.reflect.Constructor.newInstance(Constructor.java:480) ~[na:na]
	at org.springframework.beans.BeanUtils.instantiateClass(BeanUtils.java:211) ~[spring-beans-6.0.9.jar:6.0.9]
	... 21 common frames omitted
