2023-10-06 09:58:58 [main] INFO - Starting P6eMessageCenterApplication using Java 17.0.7 with PID 15688 (D:\CodeResources\github\p6e-coat-message-center\p6e-coat-starter-message-center\target\classes started by LiDaShuang in D:\CodeResources\github\p6e-coat-message-center)
2023-10-06 09:58:58 [main] INFO - No active profile set, falling back to 1 default profile: "default"
2023-10-06 09:58:58 [main] INFO - Tomcat initialized with port(s): 9999 (http)
2023-10-06 09:58:58 [main] INFO - Initializing ProtocolHandler ["http-nio-9999"]
2023-10-06 09:58:58 [main] INFO - Starting service [Tomcat]
2023-10-06 09:58:58 [main] INFO - Starting Servlet engine: [Apache Tomcat/10.1.8]
2023-10-06 09:58:58 [main] INFO - Initializing Spring embedded WebApplicationContext
2023-10-06 09:58:58 [main] INFO - Root WebApplicationContext: initialization completed in 481 ms
2023-10-06 09:58:58 [main] WARN - Exception encountered during context initialization - cancelling refresh attempt: org.springframework.beans.factory.UnsatisfiedDependencyException: Error creating bean with name 'dataSourceFactory' defined in file [D:\CodeResources\github\p6e-coat-message-center\p6e-coat-starter-message-center\target\classes\club\p6e\coat\message\center\DataSourceFactory.class]: Unsatisfied dependency expressed through constructor parameter 0: No qualifying bean of type 'javax.sql.DataSource' available: expected at least 1 bean which qualifies as autowire candidate. Dependency annotations: {}
2023-10-06 09:58:58 [main] INFO - Stopping service [Tomcat]
2023-10-06 09:58:58 [main] INFO - 

Error starting ApplicationContext. To display the condition evaluation report re-run your application with 'debug' enabled.
2023-10-06 09:58:58 [main] ERROR - 

***************************
APPLICATION FAILED TO START
***************************

Description:

Parameter 0 of constructor in club.p6e.coat.message.center.DataSourceFactory required a bean of type 'javax.sql.DataSource' that could not be found.


Action:

Consider defining a bean of type 'javax.sql.DataSource' in your configuration.

2023-10-06 10:11:45 [main] INFO - Starting P6eMessageCenterApplication using Java 17.0.7 with PID 35792 (D:\CodeResources\github\p6e-coat-message-center\p6e-coat-starter-message-center\target\classes started by LiDaShuang in D:\CodeResources\github\p6e-coat-message-center)
2023-10-06 10:11:45 [main] INFO - No active profile set, falling back to 1 default profile: "default"
2023-10-06 10:11:45 [main] INFO - Tomcat initialized with port(s): 9999 (http)
2023-10-06 10:11:45 [main] INFO - Initializing ProtocolHandler ["http-nio-9999"]
2023-10-06 10:11:45 [main] INFO - Starting service [Tomcat]
2023-10-06 10:11:45 [main] INFO - Starting Servlet engine: [Apache Tomcat/10.1.8]
2023-10-06 10:11:45 [main] INFO - Initializing Spring embedded WebApplicationContext
2023-10-06 10:11:45 [main] INFO - Root WebApplicationContext: initialization completed in 522 ms
2023-10-06 10:11:45 [main] WARN - Exception encountered during context initialization - cancelling refresh attempt: org.springframework.beans.factory.UnsatisfiedDependencyException: Error creating bean with name 'dataSourceFactory' defined in file [D:\CodeResources\github\p6e-coat-message-center\p6e-coat-starter-message-center\target\classes\club\p6e\coat\message\center\DataSourceFactory.class]: Unsatisfied dependency expressed through constructor parameter 0: No qualifying bean of type 'javax.sql.DataSource' available: expected at least 1 bean which qualifies as autowire candidate. Dependency annotations: {}
2023-10-06 10:11:45 [main] INFO - Stopping service [Tomcat]
2023-10-06 10:11:45 [main] INFO - 

Error starting ApplicationContext. To display the condition evaluation report re-run your application with 'debug' enabled.
2023-10-06 10:11:45 [main] ERROR - 

***************************
APPLICATION FAILED TO START
***************************

Description:

Parameter 0 of constructor in club.p6e.coat.message.center.DataSourceFactory required a bean of type 'javax.sql.DataSource' that could not be found.


Action:

Consider defining a bean of type 'javax.sql.DataSource' in your configuration.

2023-10-06 10:16:50 [main] INFO - Starting P6eMessageCenterApplication using Java 17.0.7 with PID 14864 (D:\CodeResources\github\p6e-coat-message-center\p6e-coat-starter-message-center\target\classes started by LiDaShuang in D:\CodeResources\github\p6e-coat-message-center)
2023-10-06 10:16:50 [main] INFO - No active profile set, falling back to 1 default profile: "default"
2023-10-06 10:16:50 [main] INFO - Tomcat initialized with port(s): 9999 (http)
2023-10-06 10:16:50 [main] INFO - Initializing ProtocolHandler ["http-nio-9999"]
2023-10-06 10:16:50 [main] INFO - Starting service [Tomcat]
2023-10-06 10:16:50 [main] INFO - Starting Servlet engine: [Apache Tomcat/10.1.8]
2023-10-06 10:16:50 [main] INFO - Initializing Spring embedded WebApplicationContext
2023-10-06 10:16:50 [main] INFO - Root WebApplicationContext: initialization completed in 562 ms
2023-10-06 10:16:50 [main] WARN - Exception encountered during context initialization - cancelling refresh attempt: org.springframework.beans.factory.UnsatisfiedDependencyException: Error creating bean with name 'dataSourceFactory' defined in file [D:\CodeResources\github\p6e-coat-message-center\p6e-coat-starter-message-center\target\classes\club\p6e\coat\message\center\DataSourceFactory.class]: Unsatisfied dependency expressed through constructor parameter 0: No qualifying bean of type 'javax.sql.DataSource' available: expected at least 1 bean which qualifies as autowire candidate. Dependency annotations: {}
2023-10-06 10:16:50 [main] INFO - Stopping service [Tomcat]
2023-10-06 10:16:50 [main] INFO - 

Error starting ApplicationContext. To display the condition evaluation report re-run your application with 'debug' enabled.
2023-10-06 10:16:50 [main] ERROR - 

***************************
APPLICATION FAILED TO START
***************************

Description:

Parameter 0 of constructor in club.p6e.coat.message.center.DataSourceFactory required a bean of type 'javax.sql.DataSource' that could not be found.


Action:

Consider defining a bean of type 'javax.sql.DataSource' in your configuration.

2023-10-06 10:19:02 [main] INFO - Starting P6eMessageCenterApplication using Java 17.0.7 with PID 12408 (D:\CodeResources\github\p6e-coat-message-center\p6e-coat-starter-message-center\target\classes started by LiDaShuang in D:\CodeResources\github\p6e-coat-message-center)
2023-10-06 10:19:02 [main] INFO - No active profile set, falling back to 1 default profile: "default"
2023-10-06 10:19:02 [main] INFO - Tomcat initialized with port(s): 9999 (http)
2023-10-06 10:19:02 [main] INFO - Initializing ProtocolHandler ["http-nio-9999"]
2023-10-06 10:19:02 [main] INFO - Starting service [Tomcat]
2023-10-06 10:19:02 [main] INFO - Starting Servlet engine: [Apache Tomcat/10.1.8]
2023-10-06 10:19:02 [main] INFO - Initializing Spring embedded WebApplicationContext
2023-10-06 10:19:02 [main] INFO - Root WebApplicationContext: initialization completed in 552 ms
2023-10-06 10:19:02 [main] WARN - Exception encountered during context initialization - cancelling refresh attempt: org.springframework.beans.factory.UnsatisfiedDependencyException: Error creating bean with name 'dataSourceFactory' defined in file [D:\CodeResources\github\p6e-coat-message-center\p6e-coat-starter-message-center\target\classes\club\p6e\coat\message\center\DataSourceFactory.class]: Unsatisfied dependency expressed through constructor parameter 0: No qualifying bean of type 'org.springframework.jdbc.datasource.embedded.DataSourceFactory' available: expected at least 1 bean which qualifies as autowire candidate. Dependency annotations: {}
2023-10-06 10:19:02 [main] INFO - Stopping service [Tomcat]
2023-10-06 10:19:02 [main] INFO - 

Error starting ApplicationContext. To display the condition evaluation report re-run your application with 'debug' enabled.
2023-10-06 10:19:02 [main] ERROR - 

***************************
APPLICATION FAILED TO START
***************************

Description:

Parameter 0 of constructor in club.p6e.coat.message.center.DataSourceFactory required a bean of type 'org.springframework.jdbc.datasource.embedded.DataSourceFactory' that could not be found.


Action:

Consider defining a bean of type 'org.springframework.jdbc.datasource.embedded.DataSourceFactory' in your configuration.

2023-10-06 10:19:19 [main] INFO - Starting P6eMessageCenterApplication using Java 17.0.7 with PID 33088 (D:\CodeResources\github\p6e-coat-message-center\p6e-coat-starter-message-center\target\classes started by LiDaShuang in D:\CodeResources\github\p6e-coat-message-center)
2023-10-06 10:19:19 [main] INFO - No active profile set, falling back to 1 default profile: "default"
2023-10-06 10:19:19 [main] INFO - Tomcat initialized with port(s): 9999 (http)
2023-10-06 10:19:19 [main] INFO - Initializing ProtocolHandler ["http-nio-9999"]
2023-10-06 10:19:19 [main] INFO - Starting service [Tomcat]
2023-10-06 10:19:19 [main] INFO - Starting Servlet engine: [Apache Tomcat/10.1.8]
2023-10-06 10:19:19 [main] INFO - Initializing Spring embedded WebApplicationContext
2023-10-06 10:19:19 [main] INFO - Root WebApplicationContext: initialization completed in 594 ms
2023-10-06 10:19:20 [main] WARN - Exception encountered during context initialization - cancelling refresh attempt: org.springframework.beans.factory.BeanCreationException: Error creating bean with name 'connectionFactory' defined in class path resource [org/springframework/boot/autoconfigure/r2dbc/ConnectionFactoryConfigurations$GenericConfiguration.class]: Failed to instantiate [io.r2dbc.spi.ConnectionFactory]: Factory method 'connectionFactory' threw exception with message: Failed to determine a suitable R2DBC Connection URL
2023-10-06 10:19:20 [main] INFO - Stopping service [Tomcat]
2023-10-06 10:19:20 [main] INFO - 

Error starting ApplicationContext. To display the condition evaluation report re-run your application with 'debug' enabled.
2023-10-06 10:19:20 [main] ERROR - 

***************************
APPLICATION FAILED TO START
***************************

Description:

Failed to configure a ConnectionFactory: 'url' attribute is not specified and no embedded database could be configured.

Reason: Failed to determine a suitable R2DBC Connection URL


Action:

Consider the following:
	If you want an embedded database (H2), please put it on the classpath.
	If you have database settings to be loaded from a particular profile you may need to activate it (no profiles are currently active).

2023-10-06 10:20:09 [main] INFO - Starting P6eMessageCenterApplication using Java 17.0.7 with PID 6864 (D:\CodeResources\github\p6e-coat-message-center\p6e-coat-starter-message-center\target\classes started by LiDaShuang in D:\CodeResources\github\p6e-coat-message-center)
2023-10-06 10:20:09 [main] INFO - No active profile set, falling back to 1 default profile: "default"
2023-10-06 10:20:09 [main] INFO - Bootstrapping Spring Data JPA repositories in DEFAULT mode.
2023-10-06 10:20:09 [main] INFO - Finished Spring Data repository scanning in 10 ms. Found 0 JPA repository interfaces.
2023-10-06 10:20:09 [main] INFO - Tomcat initialized with port(s): 9999 (http)
2023-10-06 10:20:09 [main] INFO - Initializing ProtocolHandler ["http-nio-9999"]
2023-10-06 10:20:09 [main] INFO - Starting service [Tomcat]
2023-10-06 10:20:09 [main] INFO - Starting Servlet engine: [Apache Tomcat/10.1.8]
2023-10-06 10:20:09 [main] INFO - Initializing Spring embedded WebApplicationContext
2023-10-06 10:20:09 [main] INFO - Root WebApplicationContext: initialization completed in 598 ms
2023-10-06 10:20:09 [main] INFO - HikariPool-1 - Starting...
2023-10-06 10:20:10 [main] INFO - HikariPool-1 - Added connection org.postgresql.jdbc.PgConnection@23cd5d42
2023-10-06 10:20:10 [main] INFO - HikariPool-1 - Start completed.
2023-10-06 10:20:10 [main] INFO - HHH000204: Processing PersistenceUnitInfo [name: default]
2023-10-06 10:20:10 [main] INFO - HHH000412: Hibernate ORM core version 6.2.2.Final
2023-10-06 10:20:10 [main] INFO - HHH000406: Using bytecode reflection optimizer
2023-10-06 10:20:10 [main] INFO - HHH000021: Bytecode provider name : bytebuddy
2023-10-06 10:20:10 [main] INFO - No LoadTimeWeaver setup: ignoring JPA class transformer
2023-10-06 10:20:10 [main] INFO - HHH035001: Using dialect: org.hibernate.dialect.PostgreSQLDialect, version: org.hibernate.engine.jdbc.env.internal.JdbcEnvironmentInitiator$DialectResolutionInfoImpl@54be6213
2023-10-06 10:20:10 [main] INFO - HHH000021: Bytecode provider name : bytebuddy
2023-10-06 10:20:10 [main] INFO - HHH000490: Using JtaPlatform implementation: [org.hibernate.engine.transaction.jta.platform.internal.NoJtaPlatform]
2023-10-06 10:20:10 [main] INFO - Initialized JPA EntityManagerFactory for persistence unit 'default'
2023-10-06 10:20:10 [main] WARN - spring.jpa.open-in-view is enabled by default. Therefore, database queries may be performed during view rendering. Explicitly configure spring.jpa.open-in-view to disable this warning
2023-10-06 10:20:11 [main] INFO - Starting ProtocolHandler ["http-nio-9999"]
2023-10-06 10:20:11 [main] INFO - Tomcat started on port(s): 9999 (http) with context path ''
2023-10-06 10:20:11 [main] INFO - Started P6eMessageCenterApplication in 2.049 seconds (process running for 2.321)
2023-10-06 10:20:34 [SpringApplicationShutdownHook] INFO - Closing JPA EntityManagerFactory for persistence unit 'default'
2023-10-06 10:20:34 [SpringApplicationShutdownHook] INFO - HikariPool-1 - Shutdown initiated...
2023-10-06 10:20:34 [SpringApplicationShutdownHook] INFO - HikariPool-1 - Shutdown completed.
2023-10-06 10:20:36 [main] INFO - Starting P6eMessageCenterApplication using Java 17.0.7 with PID 22184 (D:\CodeResources\github\p6e-coat-message-center\p6e-coat-starter-message-center\target\classes started by LiDaShuang in D:\CodeResources\github\p6e-coat-message-center)
2023-10-06 10:20:36 [main] INFO - No active profile set, falling back to 1 default profile: "default"
2023-10-06 10:20:36 [main] INFO - Bootstrapping Spring Data JPA repositories in DEFAULT mode.
2023-10-06 10:20:37 [main] INFO - Finished Spring Data repository scanning in 10 ms. Found 0 JPA repository interfaces.
2023-10-06 10:20:37 [main] INFO - Tomcat initialized with port(s): 9999 (http)
2023-10-06 10:20:37 [main] INFO - Initializing ProtocolHandler ["http-nio-9999"]
2023-10-06 10:20:37 [main] INFO - Starting service [Tomcat]
2023-10-06 10:20:37 [main] INFO - Starting Servlet engine: [Apache Tomcat/10.1.8]
2023-10-06 10:20:37 [main] INFO - Initializing Spring embedded WebApplicationContext
2023-10-06 10:20:37 [main] INFO - Root WebApplicationContext: initialization completed in 631 ms
2023-10-06 10:20:37 [main] INFO - HikariPool-1 - Starting...
2023-10-06 10:20:37 [main] INFO - HikariPool-1 - Added connection org.postgresql.jdbc.PgConnection@2b44d6d0
2023-10-06 10:20:37 [main] INFO - HikariPool-1 - Start completed.
2023-10-06 10:20:37 [main] INFO - HHH000204: Processing PersistenceUnitInfo [name: default]
2023-10-06 10:20:37 [main] INFO - HHH000412: Hibernate ORM core version 6.2.2.Final
2023-10-06 10:20:37 [main] INFO - HHH000406: Using bytecode reflection optimizer
2023-10-06 10:20:37 [main] INFO - HHH000021: Bytecode provider name : bytebuddy
2023-10-06 10:20:37 [main] INFO - No LoadTimeWeaver setup: ignoring JPA class transformer
2023-10-06 10:20:38 [main] INFO - HHH035001: Using dialect: org.hibernate.dialect.PostgreSQLDialect, version: org.hibernate.engine.jdbc.env.internal.JdbcEnvironmentInitiator$DialectResolutionInfoImpl@54be6213
2023-10-06 10:20:38 [main] INFO - HHH000021: Bytecode provider name : bytebuddy
2023-10-06 10:20:38 [main] INFO - HHH000490: Using JtaPlatform implementation: [org.hibernate.engine.transaction.jta.platform.internal.NoJtaPlatform]
2023-10-06 10:20:38 [main] INFO - Initialized JPA EntityManagerFactory for persistence unit 'default'
2023-10-06 10:20:38 [main] WARN - spring.jpa.open-in-view is enabled by default. Therefore, database queries may be performed during view rendering. Explicitly configure spring.jpa.open-in-view to disable this warning
2023-10-06 10:20:38 [main] INFO - Starting ProtocolHandler ["http-nio-9999"]
2023-10-06 10:20:38 [main] INFO - Tomcat started on port(s): 9999 (http) with context path ''
2023-10-06 10:20:38 [main] INFO - Started P6eMessageCenterApplication in 2.05 seconds (process running for 2.338)
2023-10-06 10:20:44 [SpringApplicationShutdownHook] INFO - Closing JPA EntityManagerFactory for persistence unit 'default'
2023-10-06 10:20:44 [SpringApplicationShutdownHook] INFO - HikariPool-1 - Shutdown initiated...
2023-10-06 10:20:44 [SpringApplicationShutdownHook] INFO - HikariPool-1 - Shutdown completed.
2023-10-06 10:20:48 [main] INFO - Starting P6eMessageCenterApplication using Java 17.0.7 with PID 25428 (D:\CodeResources\github\p6e-coat-message-center\p6e-coat-starter-message-center\target\classes started by LiDaShuang in D:\CodeResources\github\p6e-coat-message-center)
2023-10-06 10:20:48 [main] INFO - No active profile set, falling back to 1 default profile: "default"
2023-10-06 10:20:49 [main] INFO - Tomcat initialized with port(s): 9999 (http)
2023-10-06 10:20:49 [main] INFO - Initializing ProtocolHandler ["http-nio-9999"]
2023-10-06 10:20:49 [main] INFO - Starting service [Tomcat]
2023-10-06 10:20:49 [main] INFO - Starting Servlet engine: [Apache Tomcat/10.1.8]
2023-10-06 10:20:49 [main] INFO - Initializing Spring embedded WebApplicationContext
2023-10-06 10:20:49 [main] INFO - Root WebApplicationContext: initialization completed in 458 ms
2023-10-06 10:20:49 [main] WARN - Exception encountered during context initialization - cancelling refresh attempt: org.springframework.beans.factory.UnsatisfiedDependencyException: Error creating bean with name 'dataSourceFactory' defined in file [D:\CodeResources\github\p6e-coat-message-center\p6e-coat-starter-message-center\target\classes\club\p6e\coat\message\center\DataSourceFactory.class]: Unsatisfied dependency expressed through constructor parameter 0: No qualifying bean of type 'javax.sql.DataSource' available: expected at least 1 bean which qualifies as autowire candidate. Dependency annotations: {}
2023-10-06 10:20:49 [main] INFO - Stopping service [Tomcat]
2023-10-06 10:20:49 [main] INFO - 

Error starting ApplicationContext. To display the condition evaluation report re-run your application with 'debug' enabled.
2023-10-06 10:20:49 [main] ERROR - 

***************************
APPLICATION FAILED TO START
***************************

Description:

Parameter 0 of constructor in club.p6e.coat.message.center.DataSourceFactory required a bean of type 'javax.sql.DataSource' that could not be found.


Action:

Consider defining a bean of type 'javax.sql.DataSource' in your configuration.

2023-10-06 10:21:08 [main] INFO - Starting P6eMessageCenterApplication using Java 17.0.7 with PID 14376 (D:\CodeResources\github\p6e-coat-message-center\p6e-coat-starter-message-center\target\classes started by LiDaShuang in D:\CodeResources\github\p6e-coat-message-center)
2023-10-06 10:21:08 [main] INFO - No active profile set, falling back to 1 default profile: "default"
2023-10-06 10:21:08 [main] INFO - Bootstrapping Spring Data JPA repositories in DEFAULT mode.
2023-10-06 10:21:08 [main] INFO - Finished Spring Data repository scanning in 10 ms. Found 0 JPA repository interfaces.
2023-10-06 10:21:08 [main] INFO - Tomcat initialized with port(s): 9999 (http)
2023-10-06 10:21:08 [main] INFO - Initializing ProtocolHandler ["http-nio-9999"]
2023-10-06 10:21:08 [main] INFO - Starting service [Tomcat]
2023-10-06 10:21:08 [main] INFO - Starting Servlet engine: [Apache Tomcat/10.1.8]
2023-10-06 10:21:09 [main] INFO - Initializing Spring embedded WebApplicationContext
2023-10-06 10:21:09 [main] INFO - Root WebApplicationContext: initialization completed in 605 ms
2023-10-06 10:21:09 [main] INFO - HikariPool-1 - Starting...
2023-10-06 10:21:09 [main] INFO - HikariPool-1 - Added connection org.postgresql.jdbc.PgConnection@2b44d6d0
2023-10-06 10:21:09 [main] INFO - HikariPool-1 - Start completed.
2023-10-06 10:21:09 [main] INFO - HHH000204: Processing PersistenceUnitInfo [name: default]
2023-10-06 10:21:09 [main] INFO - HHH000412: Hibernate ORM core version 6.2.2.Final
2023-10-06 10:21:09 [main] INFO - HHH000406: Using bytecode reflection optimizer
2023-10-06 10:21:09 [main] INFO - HHH000021: Bytecode provider name : bytebuddy
2023-10-06 10:21:09 [main] INFO - No LoadTimeWeaver setup: ignoring JPA class transformer
2023-10-06 10:21:09 [main] INFO - HHH035001: Using dialect: org.hibernate.dialect.PostgreSQLDialect, version: org.hibernate.engine.jdbc.env.internal.JdbcEnvironmentInitiator$DialectResolutionInfoImpl@54be6213
2023-10-06 10:21:09 [main] INFO - HHH000021: Bytecode provider name : bytebuddy
2023-10-06 10:21:09 [main] INFO - HHH000490: Using JtaPlatform implementation: [org.hibernate.engine.transaction.jta.platform.internal.NoJtaPlatform]
2023-10-06 10:21:09 [main] INFO - Initialized JPA EntityManagerFactory for persistence unit 'default'
2023-10-06 10:21:10 [main] WARN - spring.jpa.open-in-view is enabled by default. Therefore, database queries may be performed during view rendering. Explicitly configure spring.jpa.open-in-view to disable this warning
2023-10-06 10:21:10 [main] INFO - Starting ProtocolHandler ["http-nio-9999"]
2023-10-06 10:21:10 [main] INFO - Tomcat started on port(s): 9999 (http) with context path ''
2023-10-06 10:21:10 [main] INFO - Started P6eMessageCenterApplication in 2.054 seconds (process running for 2.338)
2023-10-06 10:24:48 [SpringApplicationShutdownHook] INFO - Closing JPA EntityManagerFactory for persistence unit 'default'
2023-10-06 10:24:48 [SpringApplicationShutdownHook] INFO - HikariPool-1 - Shutdown initiated...
2023-10-06 10:24:48 [SpringApplicationShutdownHook] INFO - HikariPool-1 - Shutdown completed.
2023-10-06 10:24:50 [main] INFO - Starting P6eMessageCenterApplication using Java 17.0.7 with PID 31736 (D:\CodeResources\github\p6e-coat-message-center\p6e-coat-starter-message-center\target\classes started by LiDaShuang in D:\CodeResources\github\p6e-coat-message-center)
2023-10-06 10:24:50 [main] INFO - No active profile set, falling back to 1 default profile: "default"
2023-10-06 10:24:51 [main] INFO - Bootstrapping Spring Data JPA repositories in DEFAULT mode.
2023-10-06 10:24:51 [main] INFO - Finished Spring Data repository scanning in 10 ms. Found 0 JPA repository interfaces.
2023-10-06 10:24:51 [main] INFO - Tomcat initialized with port(s): 9999 (http)
2023-10-06 10:24:51 [main] INFO - Initializing ProtocolHandler ["http-nio-9999"]
2023-10-06 10:24:51 [main] INFO - Starting service [Tomcat]
2023-10-06 10:24:51 [main] INFO - Starting Servlet engine: [Apache Tomcat/10.1.8]
2023-10-06 10:24:51 [main] INFO - Initializing Spring embedded WebApplicationContext
2023-10-06 10:24:51 [main] INFO - Root WebApplicationContext: initialization completed in 604 ms
2023-10-06 10:24:51 [main] INFO - HikariPool-1 - Starting...
2023-10-06 10:24:51 [main] INFO - HikariPool-1 - Added connection org.postgresql.jdbc.PgConnection@23cd5d42
2023-10-06 10:24:51 [main] INFO - HikariPool-1 - Start completed.
2023-10-06 10:24:51 [main] INFO - HHH000204: Processing PersistenceUnitInfo [name: default]
2023-10-06 10:24:51 [main] INFO - HHH000412: Hibernate ORM core version 6.2.2.Final
2023-10-06 10:24:51 [main] INFO - HHH000406: Using bytecode reflection optimizer
2023-10-06 10:24:51 [main] INFO - HHH000021: Bytecode provider name : bytebuddy
2023-10-06 10:24:52 [main] INFO - No LoadTimeWeaver setup: ignoring JPA class transformer
2023-10-06 10:24:52 [main] INFO - HHH035001: Using dialect: org.hibernate.dialect.PostgreSQLDialect, version: org.hibernate.engine.jdbc.env.internal.JdbcEnvironmentInitiator$DialectResolutionInfoImpl@54be6213
2023-10-06 10:24:52 [main] INFO - HHH000021: Bytecode provider name : bytebuddy
2023-10-06 10:24:52 [main] INFO - HHH000490: Using JtaPlatform implementation: [org.hibernate.engine.transaction.jta.platform.internal.NoJtaPlatform]
2023-10-06 10:24:52 [main] INFO - Initialized JPA EntityManagerFactory for persistence unit 'default'
2023-10-06 10:24:52 [main] WARN - spring.jpa.open-in-view is enabled by default. Therefore, database queries may be performed during view rendering. Explicitly configure spring.jpa.open-in-view to disable this warning
2023-10-06 10:24:52 [main] INFO - Starting ProtocolHandler ["http-nio-9999"]
2023-10-06 10:24:52 [main] INFO - Tomcat started on port(s): 9999 (http) with context path ''
2023-10-06 10:24:52 [main] INFO - Started P6eMessageCenterApplication in 2.023 seconds (process running for 2.305)
2023-10-06 10:24:52 [main] INFO - [DATA SOURCE ERROR]
org.postgresql.util.PSQLException: ERROR: column mcl.tid does not exist
  建议：Perhaps you meant to reference the column "mcl.id".
  位置：34
	at org.postgresql.core.v3.QueryExecutorImpl.receiveErrorResponse(QueryExecutorImpl.java:2713) ~[postgresql-42.6.0.jar:42.6.0]
	at org.postgresql.core.v3.QueryExecutorImpl.processResults(QueryExecutorImpl.java:2401) ~[postgresql-42.6.0.jar:42.6.0]
	at org.postgresql.core.v3.QueryExecutorImpl.execute(QueryExecutorImpl.java:368) ~[postgresql-42.6.0.jar:42.6.0]
	at org.postgresql.jdbc.PgStatement.executeInternal(PgStatement.java:498) ~[postgresql-42.6.0.jar:42.6.0]
	at org.postgresql.jdbc.PgStatement.execute(PgStatement.java:415) ~[postgresql-42.6.0.jar:42.6.0]
	at org.postgresql.jdbc.PgPreparedStatement.executeWithFlags(PgPreparedStatement.java:190) ~[postgresql-42.6.0.jar:42.6.0]
	at org.postgresql.jdbc.PgPreparedStatement.executeQuery(PgPreparedStatement.java:134) ~[postgresql-42.6.0.jar:42.6.0]
	at com.zaxxer.hikari.pool.ProxyPreparedStatement.executeQuery(ProxyPreparedStatement.java:52) ~[HikariCP-5.0.1.jar:na]
	at com.zaxxer.hikari.pool.HikariProxyPreparedStatement.executeQuery(HikariProxyPreparedStatement.java) ~[HikariCP-5.0.1.jar:na]
	at club.p6e.coat.message.center.DataSourceFactory.getLauncherSource(DataSourceFactory.java:318) ~[classes/:na]
	at club.p6e.coat.message.center.launcher.Launcher.execute(Launcher.java:117) ~[classes/:na]
	at club.p6e.coat.message.center.MessageCenterLauncher.execute(MessageCenterLauncher.java:75) ~[classes/:na]
	at club.p6e.coat.message.center.P6eMessageCenterApplication.main(P6eMessageCenterApplication.java:17) ~[classes/:na]
2023-10-06 10:29:28 [SpringApplicationShutdownHook] INFO - Closing JPA EntityManagerFactory for persistence unit 'default'
2023-10-06 10:29:28 [SpringApplicationShutdownHook] INFO - HikariPool-1 - Shutdown initiated...
2023-10-06 10:29:28 [SpringApplicationShutdownHook] INFO - HikariPool-1 - Shutdown completed.
2023-10-06 10:29:31 [main] INFO - Starting P6eMessageCenterApplication using Java 17.0.7 with PID 33576 (D:\CodeResources\github\p6e-coat-message-center\p6e-coat-starter-message-center\target\classes started by LiDaShuang in D:\CodeResources\github\p6e-coat-message-center)
2023-10-06 10:29:31 [main] INFO - No active profile set, falling back to 1 default profile: "default"
2023-10-06 10:29:32 [main] INFO - Bootstrapping Spring Data JPA repositories in DEFAULT mode.
2023-10-06 10:29:32 [main] INFO - Finished Spring Data repository scanning in 12 ms. Found 0 JPA repository interfaces.
2023-10-06 10:29:32 [main] INFO - Tomcat initialized with port(s): 9999 (http)
2023-10-06 10:29:32 [main] INFO - Initializing ProtocolHandler ["http-nio-9999"]
2023-10-06 10:29:32 [main] INFO - Starting service [Tomcat]
2023-10-06 10:29:32 [main] INFO - Starting Servlet engine: [Apache Tomcat/10.1.8]
2023-10-06 10:29:32 [main] INFO - Initializing Spring embedded WebApplicationContext
2023-10-06 10:29:32 [main] INFO - Root WebApplicationContext: initialization completed in 667 ms
2023-10-06 10:29:32 [main] INFO - HikariPool-1 - Starting...
2023-10-06 10:29:32 [main] INFO - HikariPool-1 - Added connection org.postgresql.jdbc.PgConnection@2b44d6d0
2023-10-06 10:29:32 [main] INFO - HikariPool-1 - Start completed.
2023-10-06 10:29:33 [main] INFO - HHH000204: Processing PersistenceUnitInfo [name: default]
2023-10-06 10:29:33 [main] INFO - HHH000412: Hibernate ORM core version 6.2.2.Final
2023-10-06 10:29:33 [main] INFO - HHH000406: Using bytecode reflection optimizer
2023-10-06 10:29:33 [main] INFO - HHH000021: Bytecode provider name : bytebuddy
2023-10-06 10:29:33 [main] INFO - No LoadTimeWeaver setup: ignoring JPA class transformer
2023-10-06 10:29:33 [main] INFO - HHH035001: Using dialect: org.hibernate.dialect.PostgreSQLDialect, version: org.hibernate.engine.jdbc.env.internal.JdbcEnvironmentInitiator$DialectResolutionInfoImpl@54be6213
2023-10-06 10:29:33 [main] INFO - HHH000021: Bytecode provider name : bytebuddy
2023-10-06 10:29:33 [main] INFO - HHH000490: Using JtaPlatform implementation: [org.hibernate.engine.transaction.jta.platform.internal.NoJtaPlatform]
2023-10-06 10:29:33 [main] INFO - Initialized JPA EntityManagerFactory for persistence unit 'default'
2023-10-06 10:29:33 [main] WARN - spring.jpa.open-in-view is enabled by default. Therefore, database queries may be performed during view rendering. Explicitly configure spring.jpa.open-in-view to disable this warning
2023-10-06 10:29:33 [main] INFO - Starting ProtocolHandler ["http-nio-9999"]
2023-10-06 10:29:33 [main] INFO - Tomcat started on port(s): 9999 (http) with context path ''
2023-10-06 10:29:33 [main] INFO - Started P6eMessageCenterApplication in 2.036 seconds (process running for 2.311)
2023-10-06 10:29:33 [main] INFO - [DATA SOURCE ERROR]
org.postgresql.util.PSQLException: 操作要求可卷动的 ResultSet，但此 ResultSet 是 FORWARD_ONLY。
	at org.postgresql.jdbc.PgResultSet.checkScrollable(PgResultSet.java:316) ~[postgresql-42.6.0.jar:42.6.0]
	at org.postgresql.jdbc.PgResultSet.first(PgResultSet.java:392) ~[postgresql-42.6.0.jar:42.6.0]
	at com.zaxxer.hikari.pool.HikariProxyResultSet.first(HikariProxyResultSet.java) ~[HikariCP-5.0.1.jar:na]
	at club.p6e.coat.message.center.DataSourceFactory.getLauncherSource(DataSourceFactory.java:322) ~[classes/:na]
	at club.p6e.coat.message.center.launcher.Launcher.execute(Launcher.java:117) ~[classes/:na]
	at club.p6e.coat.message.center.MessageCenterLauncher.execute(MessageCenterLauncher.java:75) ~[classes/:na]
	at club.p6e.coat.message.center.P6eMessageCenterApplication.main(P6eMessageCenterApplication.java:17) ~[classes/:na]
2023-10-06 10:30:42 [SpringApplicationShutdownHook] INFO - Closing JPA EntityManagerFactory for persistence unit 'default'
2023-10-06 10:30:42 [SpringApplicationShutdownHook] INFO - HikariPool-1 - Shutdown initiated...
2023-10-06 10:30:42 [SpringApplicationShutdownHook] INFO - HikariPool-1 - Shutdown completed.
2023-10-06 10:30:44 [main] INFO - Starting P6eMessageCenterApplication using Java 17.0.7 with PID 39048 (D:\CodeResources\github\p6e-coat-message-center\p6e-coat-starter-message-center\target\classes started by LiDaShuang in D:\CodeResources\github\p6e-coat-message-center)
2023-10-06 10:30:44 [main] INFO - No active profile set, falling back to 1 default profile: "default"
2023-10-06 10:30:44 [main] INFO - Bootstrapping Spring Data JPA repositories in DEFAULT mode.
2023-10-06 10:30:44 [main] INFO - Finished Spring Data repository scanning in 9 ms. Found 0 JPA repository interfaces.
2023-10-06 10:30:45 [main] INFO - Tomcat initialized with port(s): 9999 (http)
2023-10-06 10:30:45 [main] INFO - Initializing ProtocolHandler ["http-nio-9999"]
2023-10-06 10:30:45 [main] INFO - Starting service [Tomcat]
2023-10-06 10:30:45 [main] INFO - Starting Servlet engine: [Apache Tomcat/10.1.8]
2023-10-06 10:30:45 [main] INFO - Initializing Spring embedded WebApplicationContext
2023-10-06 10:30:45 [main] INFO - Root WebApplicationContext: initialization completed in 588 ms
2023-10-06 10:30:45 [main] INFO - HikariPool-1 - Starting...
2023-10-06 10:30:45 [main] INFO - HikariPool-1 - Added connection org.postgresql.jdbc.PgConnection@2b44d6d0
2023-10-06 10:30:45 [main] INFO - HikariPool-1 - Start completed.
2023-10-06 10:30:45 [main] INFO - HHH000204: Processing PersistenceUnitInfo [name: default]
2023-10-06 10:30:45 [main] INFO - HHH000412: Hibernate ORM core version 6.2.2.Final
2023-10-06 10:30:45 [main] INFO - HHH000406: Using bytecode reflection optimizer
2023-10-06 10:30:45 [main] INFO - HHH000021: Bytecode provider name : bytebuddy
2023-10-06 10:30:45 [main] INFO - No LoadTimeWeaver setup: ignoring JPA class transformer
2023-10-06 10:30:45 [main] INFO - HHH035001: Using dialect: org.hibernate.dialect.PostgreSQLDialect, version: org.hibernate.engine.jdbc.env.internal.JdbcEnvironmentInitiator$DialectResolutionInfoImpl@54be6213
2023-10-06 10:30:45 [main] INFO - HHH000021: Bytecode provider name : bytebuddy
2023-10-06 10:30:45 [main] INFO - HHH000490: Using JtaPlatform implementation: [org.hibernate.engine.transaction.jta.platform.internal.NoJtaPlatform]
2023-10-06 10:30:45 [main] INFO - Initialized JPA EntityManagerFactory for persistence unit 'default'
2023-10-06 10:30:45 [main] WARN - spring.jpa.open-in-view is enabled by default. Therefore, database queries may be performed during view rendering. Explicitly configure spring.jpa.open-in-view to disable this warning
2023-10-06 10:30:46 [main] INFO - Starting ProtocolHandler ["http-nio-9999"]
2023-10-06 10:30:46 [main] INFO - Tomcat started on port(s): 9999 (http) with context path ''
2023-10-06 10:30:46 [main] INFO - Started P6eMessageCenterApplication in 1.937 seconds (process running for 2.214)
2023-10-06 10:31:10 [SpringApplicationShutdownHook] INFO - Closing JPA EntityManagerFactory for persistence unit 'default'
2023-10-06 10:31:10 [SpringApplicationShutdownHook] INFO - HikariPool-1 - Shutdown initiated...
2023-10-06 10:31:10 [SpringApplicationShutdownHook] INFO - HikariPool-1 - Shutdown completed.
2023-10-06 10:31:12 [main] INFO - Starting P6eMessageCenterApplication using Java 17.0.7 with PID 6636 (D:\CodeResources\github\p6e-coat-message-center\p6e-coat-starter-message-center\target\classes started by LiDaShuang in D:\CodeResources\github\p6e-coat-message-center)
2023-10-06 10:31:12 [main] INFO - No active profile set, falling back to 1 default profile: "default"
2023-10-06 10:31:12 [main] INFO - Bootstrapping Spring Data JPA repositories in DEFAULT mode.
2023-10-06 10:31:12 [main] INFO - Finished Spring Data repository scanning in 10 ms. Found 0 JPA repository interfaces.
2023-10-06 10:31:13 [main] INFO - Tomcat initialized with port(s): 9999 (http)
2023-10-06 10:31:13 [main] INFO - Initializing ProtocolHandler ["http-nio-9999"]
2023-10-06 10:31:13 [main] INFO - Starting service [Tomcat]
2023-10-06 10:31:13 [main] INFO - Starting Servlet engine: [Apache Tomcat/10.1.8]
2023-10-06 10:31:13 [main] INFO - Initializing Spring embedded WebApplicationContext
2023-10-06 10:31:13 [main] INFO - Root WebApplicationContext: initialization completed in 613 ms
2023-10-06 10:31:13 [main] INFO - HikariPool-1 - Starting...
2023-10-06 10:31:13 [main] INFO - HikariPool-1 - Added connection org.postgresql.jdbc.PgConnection@2b44d6d0
2023-10-06 10:31:13 [main] INFO - HikariPool-1 - Start completed.
2023-10-06 10:31:13 [main] INFO - HHH000204: Processing PersistenceUnitInfo [name: default]
2023-10-06 10:31:13 [main] INFO - HHH000412: Hibernate ORM core version 6.2.2.Final
2023-10-06 10:31:13 [main] INFO - HHH000406: Using bytecode reflection optimizer
2023-10-06 10:31:13 [main] INFO - HHH000021: Bytecode provider name : bytebuddy
2023-10-06 10:31:13 [main] INFO - No LoadTimeWeaver setup: ignoring JPA class transformer
2023-10-06 10:31:13 [main] INFO - HHH035001: Using dialect: org.hibernate.dialect.PostgreSQLDialect, version: org.hibernate.engine.jdbc.env.internal.JdbcEnvironmentInitiator$DialectResolutionInfoImpl@54be6213
2023-10-06 10:31:14 [main] INFO - HHH000021: Bytecode provider name : bytebuddy
2023-10-06 10:31:14 [main] INFO - HHH000490: Using JtaPlatform implementation: [org.hibernate.engine.transaction.jta.platform.internal.NoJtaPlatform]
2023-10-06 10:31:14 [main] INFO - Initialized JPA EntityManagerFactory for persistence unit 'default'
2023-10-06 10:31:14 [main] WARN - spring.jpa.open-in-view is enabled by default. Therefore, database queries may be performed during view rendering. Explicitly configure spring.jpa.open-in-view to disable this warning
2023-10-06 10:31:14 [main] INFO - Starting ProtocolHandler ["http-nio-9999"]
2023-10-06 10:31:14 [main] INFO - Tomcat started on port(s): 9999 (http) with context path ''
2023-10-06 10:31:14 [main] INFO - Started P6eMessageCenterApplication in 2.007 seconds (process running for 2.3)
2023-10-06 10:32:20 [SpringApplicationShutdownHook] INFO - Closing JPA EntityManagerFactory for persistence unit 'default'
2023-10-06 10:32:20 [SpringApplicationShutdownHook] INFO - HikariPool-1 - Shutdown initiated...
2023-10-06 10:32:20 [SpringApplicationShutdownHook] INFO - HikariPool-1 - Shutdown completed.
